<?xml version="1.0" encoding="UTF-8"?>
<testsuite name="test.panel.InteractionPanelsTest" tests="2" skipped="0" failures="0" errors="0" timestamp="2022-06-07T01:27:57" hostname="DESKTOP-E5N99OK" time="0.003">
  <properties/>
  <testcase name="equalsTest()" classname="test.panel.InteractionPanelsTest" time="0.002"/>
  <testcase name="nextPanelTest()" classname="test.panel.InteractionPanelsTest" time="0.001"/>
  <system-out><![CDATA[]]></system-out>
  <system-err><![CDATA[]]></system-err>
</testsuite>
