<?xml version="1.0" encoding="UTF-8"?>
<testsuite name="test.panel.DrawPanelTest" tests="3" skipped="0" failures="0" errors="0" timestamp="2022-06-07T01:27:55" hostname="DESKTOP-E5N99OK" time="0.009">
  <properties/>
  <testcase name="constructorTest()" classname="test.panel.DrawPanelTest" time="0.002"/>
  <testcase name="playersTest()" classname="test.panel.DrawPanelTest" time="0.001"/>
  <testcase name="activatesTest()" classname="test.panel.DrawPanelTest" time="0.002"/>
  <system-out><![CDATA[]]></system-out>
  <system-err><![CDATA[]]></system-err>
</testsuite>
